<?xml version="1.0" encoding="UTF-8"?>
<coverage generated="1539119039694" clover="3.2.0">
  <project timestamp="1539119039694" name="All files">
    <metrics statements="11" coveredstatements="9" conditionals="4" coveredconditionals="0" methods="4" coveredmethods="2" elements="19" coveredelements="11" complexity="0" loc="11" ncloc="11" packages="3" files="5" classes="5">
      <package name="src.components.navigation">
        <metrics statements="4" coveredstatements="2" conditionals="4" coveredconditionals="0" methods="2" coveredmethods="0"/>
        <file name="index.js" path="/Users/cmccaw/Projects/electrica/web/src/components/navigation/index.js">
          <metrics statements="2" coveredstatements="0" conditionals="4" coveredconditionals="0" methods="2" coveredmethods="0"/>
          <line num="6" count="0" type="stmt"/>
          <line num="9" count="0" type="stmt"/>
        </file>
        <file name="navigation.css.js" path="/Users/cmccaw/Projects/electrica/web/src/components/navigation/navigation.css.js">
          <metrics statements="2" coveredstatements="2" conditionals="0" coveredconditionals="0" methods="0" coveredmethods="0"/>
          <line num="4" count="1" type="stmt"/>
          <line num="8" count="1" type="stmt"/>
        </file>
      </package>
      <package name="src.pages.layout">
        <metrics statements="6" coveredstatements="6" conditionals="0" coveredconditionals="0" methods="2" coveredmethods="2"/>
        <file name="layout-sidebar.css.js" path="/Users/cmccaw/Projects/electrica/web/src/pages/layout/layout-sidebar.css.js">
          <metrics statements="2" coveredstatements="2" conditionals="0" coveredconditionals="0" methods="0" coveredmethods="0"/>
          <line num="4" count="1" type="stmt"/>
          <line num="8" count="1" type="stmt"/>
        </file>
        <file name="layout-sidebar.js" path="/Users/cmccaw/Projects/electrica/web/src/pages/layout/layout-sidebar.js">
          <metrics statements="4" coveredstatements="4" conditionals="0" coveredconditionals="0" methods="2" coveredmethods="2"/>
          <line num="8" count="1" type="stmt"/>
          <line num="12" count="8" type="stmt"/>
          <line num="32" count="8" type="stmt"/>
          <line num="33" count="8" type="stmt"/>
        </file>
      </package>
      <package name="test">
        <metrics statements="1" coveredstatements="1" conditionals="0" coveredconditionals="0" methods="0" coveredmethods="0"/>
        <file name="jestSetup.js" path="/Users/cmccaw/Projects/electrica/web/test/jestSetup.js">
          <metrics statements="1" coveredstatements="1" conditionals="0" coveredconditionals="0" methods="0" coveredmethods="0"/>
          <line num="4" count="1" type="stmt"/>
        </file>
      </package>
    </metrics>
  </project>
</coverage>
