{"/Users/cmccaw/Projects/electrica/web/src/components/navigation/index.js": {"path":"/Users/cmccaw/Projects/electrica/web/src/components/navigation/index.js","statementMap":{"0":{"start":{"line":6,"column":2},"end":{"line":16,"column":4}},"1":{"start":{"line":9,"column":8},"end":{"line":13,"column":20}}},"fnMap":{"0":{"name":"Nav","decl":{"start":{"line":5,"column":9},"end":{"line":5,"column":12}},"loc":{"start":{"line":5,"column":50},"end":{"line":17,"column":1}},"line":5},"1":{"name":"(anonymous_1)","decl":{"start":{"line":8,"column":17},"end":{"line":8,"column":18}},"loc":{"start":{"line":9,"column":8},"end":{"line":13,"column":20}},"line":9}},"branchMap":{"0":{"loc":{"start":{"line":5,"column":15},"end":{"line":5,"column":25}},"type":"default-arg","locations":[{"start":{"line":5,"column":23},"end":{"line":5,"column":25}}],"line":5},"1":{"loc":{"start":{"line":5,"column":27},"end":{"line":5,"column":46}},"type":"default-arg","locations":[{"start":{"line":5,"column":34},"end":{"line":5,"column":46}}],"line":5},"2":{"loc":{"start":{"line":11,"column":13},"end":{"line":11,"column":51}},"type":"binary-expr","locations":[{"start":{"line":11,"column":13},"end":{"line":11,"column":22}},{"start":{"line":11,"column":26},"end":{"line":11,"column":51}}],"line":11}},"s":{"0":0,"1":0},"f":{"0":0,"1":0},"b":{"0":[0],"1":[0],"2":[0,0]},"_coverageSchema":"332fd63041d2c1bcb487cc26dd0d5f7d97098a6c","hash":"36c91ef76db7014029173fdd5e0f58ae0bff0c6f"}
,"/Users/cmccaw/Projects/electrica/web/src/components/navigation/navigation.css.js": {"path":"/Users/cmccaw/Projects/electrica/web/src/components/navigation/navigation.css.js","statementMap":{"0":{"start":{"line":4,"column":28},"end":{"line":6,"column":1}},"1":{"start":{"line":8,"column":24},"end":{"line":11,"column":1}}},"fnMap":{},"branchMap":{},"s":{"0":1,"1":1},"f":{},"b":{},"_coverageSchema":"332fd63041d2c1bcb487cc26dd0d5f7d97098a6c","hash":"33a089a9a275e36f1d7272e09eb134bb939fa663"}
,"/Users/cmccaw/Projects/electrica/web/src/pages/layout/layout-sidebar.css.js": {"path":"/Users/cmccaw/Projects/electrica/web/src/pages/layout/layout-sidebar.css.js","statementMap":{"0":{"start":{"line":4,"column":30},"end":{"line":6,"column":1}},"1":{"start":{"line":8,"column":26},"end":{"line":10,"column":1}}},"fnMap":{},"branchMap":{},"s":{"0":1,"1":1},"f":{},"b":{},"_coverageSchema":"332fd63041d2c1bcb487cc26dd0d5f7d97098a6c","hash":"8a4b5091ddadb8882222caccd8c054205aea3c44"}
,"/Users/cmccaw/Projects/electrica/web/src/pages/layout/layout-sidebar.js": {"path":"/Users/cmccaw/Projects/electrica/web/src/pages/layout/layout-sidebar.js","statementMap":{"0":{"start":{"line":8,"column":35},"end":{"line":8,"column":41}},"1":{"start":{"line":12,"column":4},"end":{"line":28,"column":6}},"2":{"start":{"line":32,"column":34},"end":{"line":32,"column":44}},"3":{"start":{"line":33,"column":4},"end":{"line":47,"column":6}}},"fnMap":{"0":{"name":"(anonymous_0)","decl":{"start":{"line":11,"column":2},"end":{"line":11,"column":3}},"loc":{"start":{"line":11,"column":26},"end":{"line":29,"column":3}},"line":11},"1":{"name":"(anonymous_1)","decl":{"start":{"line":31,"column":2},"end":{"line":31,"column":3}},"loc":{"start":{"line":31,"column":11},"end":{"line":48,"column":3}},"line":31}},"branchMap":{},"s":{"0":1,"1":8,"2":8,"3":8},"f":{"0":8,"1":8},"b":{},"_coverageSchema":"332fd63041d2c1bcb487cc26dd0d5f7d97098a6c","hash":"a3bf5b95fcf5cb940651f3ee3a27ad8dd488220f"}
,"/Users/cmccaw/Projects/electrica/web/test/jestSetup.js": {"path":"/Users/cmccaw/Projects/electrica/web/test/jestSetup.js","statementMap":{"0":{"start":{"line":4,"column":0},"end":{"line":4,"column":38}}},"fnMap":{},"branchMap":{},"s":{"0":1},"f":{},"b":{},"_coverageSchema":"332fd63041d2c1bcb487cc26dd0d5f7d97098a6c","hash":"d5640fc5d6ecab50faa30704ae779952a81517fd"}
}
