TN:
SF:/Users/cmccaw/Projects/electrica/web/src/components/navigation/index.js
FN:5,Nav
FN:8,(anonymous_1)
FNF:2
FNH:0
FNDA:0,Nav
FNDA:0,(anonymous_1)
DA:6,0
DA:9,0
LF:2
LH:0
BRDA:5,0,0,0
BRDA:5,1,0,0
BRDA:11,2,0,0
BRDA:11,2,1,0
BRF:4
BRH:0
end_of_record
TN:
SF:/Users/cmccaw/Projects/electrica/web/src/components/navigation/navigation.css.js
FNF:0
FNH:0
DA:4,1
DA:8,1
LF:2
LH:2
BRF:0
BRH:0
end_of_record
TN:
SF:/Users/cmccaw/Projects/electrica/web/src/pages/layout/layout-sidebar.css.js
FNF:0
FNH:0
DA:4,1
DA:8,1
LF:2
LH:2
BRF:0
BRH:0
end_of_record
TN:
SF:/Users/cmccaw/Projects/electrica/web/src/pages/layout/layout-sidebar.js
FN:11,(anonymous_0)
FN:31,(anonymous_1)
FNF:2
FNH:2
FNDA:8,(anonymous_0)
FNDA:8,(anonymous_1)
DA:8,1
DA:12,8
DA:32,8
DA:33,8
LF:4
LH:4
BRF:0
BRH:0
end_of_record
TN:
SF:/Users/cmccaw/Projects/electrica/web/test/jestSetup.js
FNF:0
FNH:0
DA:4,1
LF:1
LH:1
BRF:0
BRH:0
end_of_record
